<?xml version="1.0" encoding="UTF-8"?>
<testsuite name="CheckoutBlackBoxSample" tests="4" skipped="0" failures="0" errors="0" timestamp="2026-01-28T23:42:42.589Z" hostname="CHIP" time="0.15">
  <properties/>
  <testcase name="[1] class Checkout0" classname="CheckoutBlackBoxSample" time="0.126"/>
  <testcase name="[2] class Checkout1" classname="CheckoutBlackBoxSample" time="0.003"/>
  <testcase name="[3] class Checkout2" classname="CheckoutBlackBoxSample" time="0.003"/>
  <testcase name="[4] class Checkout3" classname="CheckoutBlackBoxSample" time="0.003"/>
  <system-out><![CDATA[[EASTER EGG #10.3]: '- Dijkstra'
[EASTER EGG #10.3/3]: '- Dijkstra'
[EASTER EGG #10.3]: '- Dijkstra'
[EASTER EGG #10.3]: '- Dijkstra'
]]></system-out>
  <system-err><![CDATA[]]></system-err>
</testsuite>
